<?xml version="1.0" encoding="UTF-8"?>
<!-- Generated by org.testng.reporters.JUnitXMLReporter -->
<testsuite ignored="0" hostname="TG5CD2141TFJ" failures="0" tests="1" name="SouceDemo" time="0.442" errors="0" timestamp="2023-08-09T21:10:10 CLT">
  <testcase classname="test.java.BaseTest" name="@BeforeMethod beforeMethod" time="0.003">
    <failure type="java.lang.NullPointerException" message="Cannot invoke &amp;quot;org.openqa.selenium.WebDriver.manage()&amp;quot; because &amp;quot;test.java.BaseTest.driver&amp;quot; is null">
      <![CDATA[java.lang.NullPointerException: Cannot invoke "org.openqa.selenium.WebDriver.manage()" because "test.java.BaseTest.driver" is null
at test.java.BaseTest.beforeMethod(BaseTest.java:57)
at java.base/java.util.ArrayList.forEach(ArrayList.java:1511)
... Removed 31 stack frames]]>
    </failure>
  </testcase> <!-- @BeforeMethod beforeMethod -->
  <testcase classname="test.java.BaseTest" name="@AfterMethod afterMethod" time="-1.691629810343E9">
    <skipped/>
  </testcase> <!-- @AfterMethod afterMethod -->
  <testcase classname="test.java.webshop.Tests" name="comprarDesdeMenuCategorias" time="0.0">
    <skipped/>
  </testcase> <!-- comprarDesdeMenuCategorias -->
</testsuite> <!-- SouceDemo -->
